Terminals unused in grammar

   COMILLA
   COMENTARIO_A
   COMENTARIO_C
   COMENTARIO_I
   .


Gramática

    0 $accept: programa $end

    1 programa: sentencia
    2         | programa sentencia

    3 sentencia: asignacion
    4          | declaracion
    5          | read
    6          | write
    7          | ciclo
    8          | if

    9 $@1: /* vacío */

   10 asignacion: ID $@1 OP_AS expresion

   11 declaracion: INIT LA lista_declaracion LC

   12 lista_declaracion: lista_declaracion lista_id DOS_PUNTOS tipo
   13                  | lista_id DOS_PUNTOS tipo

   14 lista_id: lista_id COMA ID
   15         | ID

   16 tipo: INT
   17     | FLOAT
   18     | STRING

   19 read: READ PA ID PC

   20 write: WRITE PA ID PC
   21      | WRITE PA CONST_STRING PC

   22 $@2: /* vacío */

   23 ciclo: CICLO $@2 PA condicion PC LA programa LC

   24 if: IF PA condicion PC LA programa LC
   25   | IF PA condicion PC LA programa LC ELSE LA programa LC

   26 condicion: comparacion
   27          | condicion AND comparacion
   28          | condicion OR comparacion
   29          | NOT comparacion

   30 comparacion: expresion comparador expresion

   31 comparador: OP_MEN
   32           | OP_MAY
   33           | OP_COMP
   34           | OP_MEN_IGU
   35           | OP_MAY_IGU

   36 expresion: termino
   37          | expresion OP_SUM termino
   38          | expresion OP_RES termino

   39 termino: factor
   40        | termino OP_MUL factor
   41        | termino OP_DIV factor

   42 factor: ID
   43       | CTE
   44       | CONST_REAL
   45       | CONST_STRING
   46       | PA expresion PC
   47       | fibonacci

   48 fibonacci: FIB PA CTE PC
   49          | FIB PA ID PC


Terminales con las reglas donde aparecen

$end (0) 0
error (256)
CTE (258) 43 48
ID (259) 10 14 15 19 20 42 49
OP_AS (260) 10
OP_SUM (261) 37
OP_MUL (262) 40
OP_RES (263) 38
OP_DIV (264) 41
PA (265) 19 20 21 23 24 25 46 48 49
PC (266) 19 20 21 23 24 25 46 48 49
CONST_REAL (267) 44
CONST_STRING (268) 21 45
LA (269) 11 23 24 25
LC (270) 11 23 24 25
COMILLA (271)
DOS_PUNTOS (272) 12 13
COMA (273) 14
COMENTARIO_A (274)
COMENTARIO_C (275)
COMENTARIO_I (276)
CICLO (277) 23
IF (278) 24 25
ELSE (279) 25
INT (280) 16
FLOAT (281) 17
STRING (282) 18
INIT (283) 11
READ (284) 19
WRITE (285) 20 21
AND (286) 27
OR (287) 28
NOT (288) 29
OP_MEN (289) 31
OP_MAY (290) 32
OP_COMP (291) 33
OP_MEN_IGU (292) 34
OP_MAY_IGU (293) 35
FIB (294) 48 49
. (295)


No terminales con las reglas donde aparecen

$accept (41)
    en la izquierda: 0
programa (42)
    en la izquierda: 1 2, en la derecha: 0 2 23 24 25
sentencia (43)
    en la izquierda: 3 4 5 6 7 8, en la derecha: 1 2
asignacion (44)
    en la izquierda: 10, en la derecha: 3
$@1 (45)
    en la izquierda: 9, en la derecha: 10
declaracion (46)
    en la izquierda: 11, en la derecha: 4
lista_declaracion (47)
    en la izquierda: 12 13, en la derecha: 11 12
lista_id (48)
    en la izquierda: 14 15, en la derecha: 12 13 14
tipo (49)
    en la izquierda: 16 17 18, en la derecha: 12 13
read (50)
    en la izquierda: 19, en la derecha: 5
write (51)
    en la izquierda: 20 21, en la derecha: 6
ciclo (52)
    en la izquierda: 23, en la derecha: 7
$@2 (53)
    en la izquierda: 22, en la derecha: 23
if (54)
    en la izquierda: 24 25, en la derecha: 8
condicion (55)
    en la izquierda: 26 27 28 29, en la derecha: 23 24 25 27 28
comparacion (56)
    en la izquierda: 30, en la derecha: 26 27 28 29
comparador (57)
    en la izquierda: 31 32 33 34 35, en la derecha: 30
expresion (58)
    en la izquierda: 36 37 38, en la derecha: 10 30 37 38 46
termino (59)
    en la izquierda: 39 40 41, en la derecha: 36 37 38 40 41
factor (60)
    en la izquierda: 42 43 44 45 46 47, en la derecha: 39 40 41
fibonacci (61)
    en la izquierda: 48 49, en la derecha: 47


estado 0

    0 $accept: . programa $end

    ID     desplazar e ir al estado 1
    CICLO  desplazar e ir al estado 2
    IF     desplazar e ir al estado 3
    INIT   desplazar e ir al estado 4
    READ   desplazar e ir al estado 5
    WRITE  desplazar e ir al estado 6

    programa     ir al estado 7
    sentencia    ir al estado 8
    asignacion   ir al estado 9
    declaracion  ir al estado 10
    read         ir al estado 11
    write        ir al estado 12
    ciclo        ir al estado 13
    if           ir al estado 14


estado 1

   10 asignacion: ID . $@1 OP_AS expresion

    $default  reduce usando la regla 9 ($@1)

    $@1  ir al estado 15


estado 2

   23 ciclo: CICLO . $@2 PA condicion PC LA programa LC

    $default  reduce usando la regla 22 ($@2)

    $@2  ir al estado 16


estado 3

   24 if: IF . PA condicion PC LA programa LC
   25   | IF . PA condicion PC LA programa LC ELSE LA programa LC

    PA  desplazar e ir al estado 17


estado 4

   11 declaracion: INIT . LA lista_declaracion LC

    LA  desplazar e ir al estado 18


estado 5

   19 read: READ . PA ID PC

    PA  desplazar e ir al estado 19


estado 6

   20 write: WRITE . PA ID PC
   21      | WRITE . PA CONST_STRING PC

    PA  desplazar e ir al estado 20


estado 7

    0 $accept: programa . $end
    2 programa: programa . sentencia

    $end   desplazar e ir al estado 21
    ID     desplazar e ir al estado 1
    CICLO  desplazar e ir al estado 2
    IF     desplazar e ir al estado 3
    INIT   desplazar e ir al estado 4
    READ   desplazar e ir al estado 5
    WRITE  desplazar e ir al estado 6

    sentencia    ir al estado 22
    asignacion   ir al estado 9
    declaracion  ir al estado 10
    read         ir al estado 11
    write        ir al estado 12
    ciclo        ir al estado 13
    if           ir al estado 14


estado 8

    1 programa: sentencia .

    $default  reduce usando la regla 1 (programa)


estado 9

    3 sentencia: asignacion .

    $default  reduce usando la regla 3 (sentencia)


estado 10

    4 sentencia: declaracion .

    $default  reduce usando la regla 4 (sentencia)


estado 11

    5 sentencia: read .

    $default  reduce usando la regla 5 (sentencia)


estado 12

    6 sentencia: write .

    $default  reduce usando la regla 6 (sentencia)


estado 13

    7 sentencia: ciclo .

    $default  reduce usando la regla 7 (sentencia)


estado 14

    8 sentencia: if .

    $default  reduce usando la regla 8 (sentencia)


estado 15

   10 asignacion: ID $@1 . OP_AS expresion

    OP_AS  desplazar e ir al estado 23


estado 16

   23 ciclo: CICLO $@2 . PA condicion PC LA programa LC

    PA  desplazar e ir al estado 24


estado 17

   24 if: IF PA . condicion PC LA programa LC
   25   | IF PA . condicion PC LA programa LC ELSE LA programa LC

    CTE           desplazar e ir al estado 25
    ID            desplazar e ir al estado 26
    PA            desplazar e ir al estado 27
    CONST_REAL    desplazar e ir al estado 28
    CONST_STRING  desplazar e ir al estado 29
    NOT           desplazar e ir al estado 30
    FIB           desplazar e ir al estado 31

    condicion    ir al estado 32
    comparacion  ir al estado 33
    expresion    ir al estado 34
    termino      ir al estado 35
    factor       ir al estado 36
    fibonacci    ir al estado 37


estado 18

   11 declaracion: INIT LA . lista_declaracion LC

    ID  desplazar e ir al estado 38

    lista_declaracion  ir al estado 39
    lista_id           ir al estado 40


estado 19

   19 read: READ PA . ID PC

    ID  desplazar e ir al estado 41


estado 20

   20 write: WRITE PA . ID PC
   21      | WRITE PA . CONST_STRING PC

    ID            desplazar e ir al estado 42
    CONST_STRING  desplazar e ir al estado 43


estado 21

    0 $accept: programa $end .

    $default  aceptar


estado 22

    2 programa: programa sentencia .

    $default  reduce usando la regla 2 (programa)


estado 23

   10 asignacion: ID $@1 OP_AS . expresion

    CTE           desplazar e ir al estado 25
    ID            desplazar e ir al estado 26
    PA            desplazar e ir al estado 27
    CONST_REAL    desplazar e ir al estado 28
    CONST_STRING  desplazar e ir al estado 29
    FIB           desplazar e ir al estado 31

    expresion  ir al estado 44
    termino    ir al estado 35
    factor     ir al estado 36
    fibonacci  ir al estado 37


estado 24

   23 ciclo: CICLO $@2 PA . condicion PC LA programa LC

    CTE           desplazar e ir al estado 25
    ID            desplazar e ir al estado 26
    PA            desplazar e ir al estado 27
    CONST_REAL    desplazar e ir al estado 28
    CONST_STRING  desplazar e ir al estado 29
    NOT           desplazar e ir al estado 30
    FIB           desplazar e ir al estado 31

    condicion    ir al estado 45
    comparacion  ir al estado 33
    expresion    ir al estado 34
    termino      ir al estado 35
    factor       ir al estado 36
    fibonacci    ir al estado 37


estado 25

   43 factor: CTE .

    $default  reduce usando la regla 43 (factor)


estado 26

   42 factor: ID .

    $default  reduce usando la regla 42 (factor)


estado 27

   46 factor: PA . expresion PC

    CTE           desplazar e ir al estado 25
    ID            desplazar e ir al estado 26
    PA            desplazar e ir al estado 27
    CONST_REAL    desplazar e ir al estado 28
    CONST_STRING  desplazar e ir al estado 29
    FIB           desplazar e ir al estado 31

    expresion  ir al estado 46
    termino    ir al estado 35
    factor     ir al estado 36
    fibonacci  ir al estado 37


estado 28

   44 factor: CONST_REAL .

    $default  reduce usando la regla 44 (factor)


estado 29

   45 factor: CONST_STRING .

    $default  reduce usando la regla 45 (factor)


estado 30

   29 condicion: NOT . comparacion

    CTE           desplazar e ir al estado 25
    ID            desplazar e ir al estado 26
    PA            desplazar e ir al estado 27
    CONST_REAL    desplazar e ir al estado 28
    CONST_STRING  desplazar e ir al estado 29
    FIB           desplazar e ir al estado 31

    comparacion  ir al estado 47
    expresion    ir al estado 34
    termino      ir al estado 35
    factor       ir al estado 36
    fibonacci    ir al estado 37


estado 31

   48 fibonacci: FIB . PA CTE PC
   49          | FIB . PA ID PC

    PA  desplazar e ir al estado 48


estado 32

   24 if: IF PA condicion . PC LA programa LC
   25   | IF PA condicion . PC LA programa LC ELSE LA programa LC
   27 condicion: condicion . AND comparacion
   28          | condicion . OR comparacion

    PC   desplazar e ir al estado 49
    AND  desplazar e ir al estado 50
    OR   desplazar e ir al estado 51


estado 33

   26 condicion: comparacion .

    $default  reduce usando la regla 26 (condicion)


estado 34

   30 comparacion: expresion . comparador expresion
   37 expresion: expresion . OP_SUM termino
   38          | expresion . OP_RES termino

    OP_SUM      desplazar e ir al estado 52
    OP_RES      desplazar e ir al estado 53
    OP_MEN      desplazar e ir al estado 54
    OP_MAY      desplazar e ir al estado 55
    OP_COMP     desplazar e ir al estado 56
    OP_MEN_IGU  desplazar e ir al estado 57
    OP_MAY_IGU  desplazar e ir al estado 58

    comparador  ir al estado 59


estado 35

   36 expresion: termino .
   40 termino: termino . OP_MUL factor
   41        | termino . OP_DIV factor

    OP_MUL  desplazar e ir al estado 60
    OP_DIV  desplazar e ir al estado 61

    $default  reduce usando la regla 36 (expresion)


estado 36

   39 termino: factor .

    $default  reduce usando la regla 39 (termino)


estado 37

   47 factor: fibonacci .

    $default  reduce usando la regla 47 (factor)


estado 38

   15 lista_id: ID .

    $default  reduce usando la regla 15 (lista_id)


estado 39

   11 declaracion: INIT LA lista_declaracion . LC
   12 lista_declaracion: lista_declaracion . lista_id DOS_PUNTOS tipo

    ID  desplazar e ir al estado 38
    LC  desplazar e ir al estado 62

    lista_id  ir al estado 63


estado 40

   13 lista_declaracion: lista_id . DOS_PUNTOS tipo
   14 lista_id: lista_id . COMA ID

    DOS_PUNTOS  desplazar e ir al estado 64
    COMA        desplazar e ir al estado 65


estado 41

   19 read: READ PA ID . PC

    PC  desplazar e ir al estado 66


estado 42

   20 write: WRITE PA ID . PC

    PC  desplazar e ir al estado 67


estado 43

   21 write: WRITE PA CONST_STRING . PC

    PC  desplazar e ir al estado 68


estado 44

   10 asignacion: ID $@1 OP_AS expresion .
   37 expresion: expresion . OP_SUM termino
   38          | expresion . OP_RES termino

    OP_SUM  desplazar e ir al estado 52
    OP_RES  desplazar e ir al estado 53

    $default  reduce usando la regla 10 (asignacion)


estado 45

   23 ciclo: CICLO $@2 PA condicion . PC LA programa LC
   27 condicion: condicion . AND comparacion
   28          | condicion . OR comparacion

    PC   desplazar e ir al estado 69
    AND  desplazar e ir al estado 50
    OR   desplazar e ir al estado 51


estado 46

   37 expresion: expresion . OP_SUM termino
   38          | expresion . OP_RES termino
   46 factor: PA expresion . PC

    OP_SUM  desplazar e ir al estado 52
    OP_RES  desplazar e ir al estado 53
    PC      desplazar e ir al estado 70


estado 47

   29 condicion: NOT comparacion .

    $default  reduce usando la regla 29 (condicion)


estado 48

   48 fibonacci: FIB PA . CTE PC
   49          | FIB PA . ID PC

    CTE  desplazar e ir al estado 71
    ID   desplazar e ir al estado 72


estado 49

   24 if: IF PA condicion PC . LA programa LC
   25   | IF PA condicion PC . LA programa LC ELSE LA programa LC

    LA  desplazar e ir al estado 73


estado 50

   27 condicion: condicion AND . comparacion

    CTE           desplazar e ir al estado 25
    ID            desplazar e ir al estado 26
    PA            desplazar e ir al estado 27
    CONST_REAL    desplazar e ir al estado 28
    CONST_STRING  desplazar e ir al estado 29
    FIB           desplazar e ir al estado 31

    comparacion  ir al estado 74
    expresion    ir al estado 34
    termino      ir al estado 35
    factor       ir al estado 36
    fibonacci    ir al estado 37


estado 51

   28 condicion: condicion OR . comparacion

    CTE           desplazar e ir al estado 25
    ID            desplazar e ir al estado 26
    PA            desplazar e ir al estado 27
    CONST_REAL    desplazar e ir al estado 28
    CONST_STRING  desplazar e ir al estado 29
    FIB           desplazar e ir al estado 31

    comparacion  ir al estado 75
    expresion    ir al estado 34
    termino      ir al estado 35
    factor       ir al estado 36
    fibonacci    ir al estado 37


estado 52

   37 expresion: expresion OP_SUM . termino

    CTE           desplazar e ir al estado 25
    ID            desplazar e ir al estado 26
    PA            desplazar e ir al estado 27
    CONST_REAL    desplazar e ir al estado 28
    CONST_STRING  desplazar e ir al estado 29
    FIB           desplazar e ir al estado 31

    termino    ir al estado 76
    factor     ir al estado 36
    fibonacci  ir al estado 37


estado 53

   38 expresion: expresion OP_RES . termino

    CTE           desplazar e ir al estado 25
    ID            desplazar e ir al estado 26
    PA            desplazar e ir al estado 27
    CONST_REAL    desplazar e ir al estado 28
    CONST_STRING  desplazar e ir al estado 29
    FIB           desplazar e ir al estado 31

    termino    ir al estado 77
    factor     ir al estado 36
    fibonacci  ir al estado 37


estado 54

   31 comparador: OP_MEN .

    $default  reduce usando la regla 31 (comparador)


estado 55

   32 comparador: OP_MAY .

    $default  reduce usando la regla 32 (comparador)


estado 56

   33 comparador: OP_COMP .

    $default  reduce usando la regla 33 (comparador)


estado 57

   34 comparador: OP_MEN_IGU .

    $default  reduce usando la regla 34 (comparador)


estado 58

   35 comparador: OP_MAY_IGU .

    $default  reduce usando la regla 35 (comparador)


estado 59

   30 comparacion: expresion comparador . expresion

    CTE           desplazar e ir al estado 25
    ID            desplazar e ir al estado 26
    PA            desplazar e ir al estado 27
    CONST_REAL    desplazar e ir al estado 28
    CONST_STRING  desplazar e ir al estado 29
    FIB           desplazar e ir al estado 31

    expresion  ir al estado 78
    termino    ir al estado 35
    factor     ir al estado 36
    fibonacci  ir al estado 37


estado 60

   40 termino: termino OP_MUL . factor

    CTE           desplazar e ir al estado 25
    ID            desplazar e ir al estado 26
    PA            desplazar e ir al estado 27
    CONST_REAL    desplazar e ir al estado 28
    CONST_STRING  desplazar e ir al estado 29
    FIB           desplazar e ir al estado 31

    factor     ir al estado 79
    fibonacci  ir al estado 37


estado 61

   41 termino: termino OP_DIV . factor

    CTE           desplazar e ir al estado 25
    ID            desplazar e ir al estado 26
    PA            desplazar e ir al estado 27
    CONST_REAL    desplazar e ir al estado 28
    CONST_STRING  desplazar e ir al estado 29
    FIB           desplazar e ir al estado 31

    factor     ir al estado 80
    fibonacci  ir al estado 37


estado 62

   11 declaracion: INIT LA lista_declaracion LC .

    $default  reduce usando la regla 11 (declaracion)


estado 63

   12 lista_declaracion: lista_declaracion lista_id . DOS_PUNTOS tipo
   14 lista_id: lista_id . COMA ID

    DOS_PUNTOS  desplazar e ir al estado 81
    COMA        desplazar e ir al estado 65


estado 64

   13 lista_declaracion: lista_id DOS_PUNTOS . tipo

    INT     desplazar e ir al estado 82
    FLOAT   desplazar e ir al estado 83
    STRING  desplazar e ir al estado 84

    tipo  ir al estado 85


estado 65

   14 lista_id: lista_id COMA . ID

    ID  desplazar e ir al estado 86


estado 66

   19 read: READ PA ID PC .

    $default  reduce usando la regla 19 (read)


estado 67

   20 write: WRITE PA ID PC .

    $default  reduce usando la regla 20 (write)


estado 68

   21 write: WRITE PA CONST_STRING PC .

    $default  reduce usando la regla 21 (write)


estado 69

   23 ciclo: CICLO $@2 PA condicion PC . LA programa LC

    LA  desplazar e ir al estado 87


estado 70

   46 factor: PA expresion PC .

    $default  reduce usando la regla 46 (factor)


estado 71

   48 fibonacci: FIB PA CTE . PC

    PC  desplazar e ir al estado 88


estado 72

   49 fibonacci: FIB PA ID . PC

    PC  desplazar e ir al estado 89


estado 73

   24 if: IF PA condicion PC LA . programa LC
   25   | IF PA condicion PC LA . programa LC ELSE LA programa LC

    ID     desplazar e ir al estado 1
    CICLO  desplazar e ir al estado 2
    IF     desplazar e ir al estado 3
    INIT   desplazar e ir al estado 4
    READ   desplazar e ir al estado 5
    WRITE  desplazar e ir al estado 6

    programa     ir al estado 90
    sentencia    ir al estado 8
    asignacion   ir al estado 9
    declaracion  ir al estado 10
    read         ir al estado 11
    write        ir al estado 12
    ciclo        ir al estado 13
    if           ir al estado 14


estado 74

   27 condicion: condicion AND comparacion .

    $default  reduce usando la regla 27 (condicion)


estado 75

   28 condicion: condicion OR comparacion .

    $default  reduce usando la regla 28 (condicion)


estado 76

   37 expresion: expresion OP_SUM termino .
   40 termino: termino . OP_MUL factor
   41        | termino . OP_DIV factor

    OP_MUL  desplazar e ir al estado 60
    OP_DIV  desplazar e ir al estado 61

    $default  reduce usando la regla 37 (expresion)


estado 77

   38 expresion: expresion OP_RES termino .
   40 termino: termino . OP_MUL factor
   41        | termino . OP_DIV factor

    OP_MUL  desplazar e ir al estado 60
    OP_DIV  desplazar e ir al estado 61

    $default  reduce usando la regla 38 (expresion)


estado 78

   30 comparacion: expresion comparador expresion .
   37 expresion: expresion . OP_SUM termino
   38          | expresion . OP_RES termino

    OP_SUM  desplazar e ir al estado 52
    OP_RES  desplazar e ir al estado 53

    $default  reduce usando la regla 30 (comparacion)


estado 79

   40 termino: termino OP_MUL factor .

    $default  reduce usando la regla 40 (termino)


estado 80

   41 termino: termino OP_DIV factor .

    $default  reduce usando la regla 41 (termino)


estado 81

   12 lista_declaracion: lista_declaracion lista_id DOS_PUNTOS . tipo

    INT     desplazar e ir al estado 82
    FLOAT   desplazar e ir al estado 83
    STRING  desplazar e ir al estado 84

    tipo  ir al estado 91


estado 82

   16 tipo: INT .

    $default  reduce usando la regla 16 (tipo)


estado 83

   17 tipo: FLOAT .

    $default  reduce usando la regla 17 (tipo)


estado 84

   18 tipo: STRING .

    $default  reduce usando la regla 18 (tipo)


estado 85

   13 lista_declaracion: lista_id DOS_PUNTOS tipo .

    $default  reduce usando la regla 13 (lista_declaracion)


estado 86

   14 lista_id: lista_id COMA ID .

    $default  reduce usando la regla 14 (lista_id)


estado 87

   23 ciclo: CICLO $@2 PA condicion PC LA . programa LC

    ID     desplazar e ir al estado 1
    CICLO  desplazar e ir al estado 2
    IF     desplazar e ir al estado 3
    INIT   desplazar e ir al estado 4
    READ   desplazar e ir al estado 5
    WRITE  desplazar e ir al estado 6

    programa     ir al estado 92
    sentencia    ir al estado 8
    asignacion   ir al estado 9
    declaracion  ir al estado 10
    read         ir al estado 11
    write        ir al estado 12
    ciclo        ir al estado 13
    if           ir al estado 14


estado 88

   48 fibonacci: FIB PA CTE PC .

    $default  reduce usando la regla 48 (fibonacci)


estado 89

   49 fibonacci: FIB PA ID PC .

    $default  reduce usando la regla 49 (fibonacci)


estado 90

    2 programa: programa . sentencia
   24 if: IF PA condicion PC LA programa . LC
   25   | IF PA condicion PC LA programa . LC ELSE LA programa LC

    ID     desplazar e ir al estado 1
    LC     desplazar e ir al estado 93
    CICLO  desplazar e ir al estado 2
    IF     desplazar e ir al estado 3
    INIT   desplazar e ir al estado 4
    READ   desplazar e ir al estado 5
    WRITE  desplazar e ir al estado 6

    sentencia    ir al estado 22
    asignacion   ir al estado 9
    declaracion  ir al estado 10
    read         ir al estado 11
    write        ir al estado 12
    ciclo        ir al estado 13
    if           ir al estado 14


estado 91

   12 lista_declaracion: lista_declaracion lista_id DOS_PUNTOS tipo .

    $default  reduce usando la regla 12 (lista_declaracion)


estado 92

    2 programa: programa . sentencia
   23 ciclo: CICLO $@2 PA condicion PC LA programa . LC

    ID     desplazar e ir al estado 1
    LC     desplazar e ir al estado 94
    CICLO  desplazar e ir al estado 2
    IF     desplazar e ir al estado 3
    INIT   desplazar e ir al estado 4
    READ   desplazar e ir al estado 5
    WRITE  desplazar e ir al estado 6

    sentencia    ir al estado 22
    asignacion   ir al estado 9
    declaracion  ir al estado 10
    read         ir al estado 11
    write        ir al estado 12
    ciclo        ir al estado 13
    if           ir al estado 14


estado 93

   24 if: IF PA condicion PC LA programa LC .
   25   | IF PA condicion PC LA programa LC . ELSE LA programa LC

    ELSE  desplazar e ir al estado 95

    $default  reduce usando la regla 24 (if)


estado 94

   23 ciclo: CICLO $@2 PA condicion PC LA programa LC .

    $default  reduce usando la regla 23 (ciclo)


estado 95

   25 if: IF PA condicion PC LA programa LC ELSE . LA programa LC

    LA  desplazar e ir al estado 96


estado 96

   25 if: IF PA condicion PC LA programa LC ELSE LA . programa LC

    ID     desplazar e ir al estado 1
    CICLO  desplazar e ir al estado 2
    IF     desplazar e ir al estado 3
    INIT   desplazar e ir al estado 4
    READ   desplazar e ir al estado 5
    WRITE  desplazar e ir al estado 6

    programa     ir al estado 97
    sentencia    ir al estado 8
    asignacion   ir al estado 9
    declaracion  ir al estado 10
    read         ir al estado 11
    write        ir al estado 12
    ciclo        ir al estado 13
    if           ir al estado 14


estado 97

    2 programa: programa . sentencia
   25 if: IF PA condicion PC LA programa LC ELSE LA programa . LC

    ID     desplazar e ir al estado 1
    LC     desplazar e ir al estado 98
    CICLO  desplazar e ir al estado 2
    IF     desplazar e ir al estado 3
    INIT   desplazar e ir al estado 4
    READ   desplazar e ir al estado 5
    WRITE  desplazar e ir al estado 6

    sentencia    ir al estado 22
    asignacion   ir al estado 9
    declaracion  ir al estado 10
    read         ir al estado 11
    write        ir al estado 12
    ciclo        ir al estado 13
    if           ir al estado 14


estado 98

   25 if: IF PA condicion PC LA programa LC ELSE LA programa LC .

    $default  reduce usando la regla 25 (if)
